<?xml version="1.0" encoding="UTF-8"?>
<!-- Generated by org.testng.reporters.JUnitReportReporter -->
<testsuite hostname="LAPTOP-IJEJF9I0" failures="0" tests="1" name="com.test.loginTest" time="7.983" errors="0" timestamp="2023-01-19T15:47:37 IST" skipped="0">
  <testcase classname="com.test.loginTest" name="logintest" time="7.983"/>
  <system-out/>
</testsuite> <!-- com.test.loginTest -->
