<?xml version="1.0" encoding="UTF-8"?>
<!-- Generated by org.testng.reporters.JUnitReportReporter -->
<testsuite hostname="LAPTOP-IJEJF9I0" failures="0" tests="1" name="com.test.hometest" time="6.251" errors="0" timestamp="2023-01-19T15:45:29 IST" skipped="0">
  <testcase classname="com.test.hometest" name="hometest" time="6.251"/>
  <system-out/>
</testsuite> <!-- com.test.hometest -->
